{"level":"\u001b[32minfo\u001b[39m","message":"servering is running on port 4000","service":"api-gateway","timestamp":"2025-02-24T08:11:50.234Z"}
{"level":"\u001b[31merror\u001b[39m","message":"The `uri` parameter to `openUri()` must be a string, got \"undefined\". Make sure the first parameter to `mongoose.connect()` or `mongoose.createConnection()` is a string.","service":"api-gateway","stack":"MongooseError: The `uri` parameter to `openUri()` must be a string, got \"undefined\". Make sure the first parameter to `mongoose.connect()` or `mongoose.createConnection()` is a string.\n    at NativeConnection.createClient (C:\\Users\\devbh\\OneDrive\\Desktop\\jobportal\\micro-services_v1\\api-gateway\\node_modules\\mongoose\\lib\\drivers\\node-mongodb-native\\connection.js:236:11)\n    at NativeConnection.openUri (C:\\Users\\devbh\\OneDrive\\Desktop\\jobportal\\micro-services_v1\\api-gateway\\node_modules\\mongoose\\lib\\connection.js:1069:34)\n    at Mongoose.connect (C:\\Users\\devbh\\OneDrive\\Desktop\\jobportal\\micro-services_v1\\api-gateway\\node_modules\\mongoose\\lib\\mongoose.js:446:15)\n    at HandlerDatabase (file:///C:/Users/devbh/OneDrive/Desktop/jobportal/micro-services_v1/api-gateway/src/Config/db.js:14:24)\n    at Server.<anonymous> (file:///C:/Users/devbh/OneDrive/Desktop/jobportal/micro-services_v1/api-gateway/src/index.js:54:3)\n    at Object.onceWrapper (node:events:632:28)\n    at Server.emit (node:events:530:35)\n    at emitListeningNT (node:net:1950:10)\n    at process.processTicksAndRejections (node:internal/process/task_queues:89:21)","timestamp":"2025-02-24T08:11:50.243Z"}
{"level":"\u001b[32minfo\u001b[39m","message":"Reservied is form /favicon.ico and points GET","service":"api-gateway","timestamp":"2025-02-24T08:11:52.851Z"}
{"level":"\u001b[32minfo\u001b[39m","message":"Request /favicon.ico and [object Object]","service":"api-gateway","timestamp":"2025-02-24T08:11:52.852Z"}
{"level":"\u001b[32minfo\u001b[39m","message":"servering is running on port 4000","service":"api-gateway","timestamp":"2025-02-24T08:11:54.196Z"}
{"level":"\u001b[31merror\u001b[39m","message":"The `uri` parameter to `openUri()` must be a string, got \"undefined\". Make sure the first parameter to `mongoose.connect()` or `mongoose.createConnection()` is a string.","service":"api-gateway","stack":"MongooseError: The `uri` parameter to `openUri()` must be a string, got \"undefined\". Make sure the first parameter to `mongoose.connect()` or `mongoose.createConnection()` is a string.\n    at NativeConnection.createClient (C:\\Users\\devbh\\OneDrive\\Desktop\\jobportal\\micro-services_v1\\api-gateway\\node_modules\\mongoose\\lib\\drivers\\node-mongodb-native\\connection.js:236:11)\n    at NativeConnection.openUri (C:\\Users\\devbh\\OneDrive\\Desktop\\jobportal\\micro-services_v1\\api-gateway\\node_modules\\mongoose\\lib\\connection.js:1069:34)\n    at Mongoose.connect (C:\\Users\\devbh\\OneDrive\\Desktop\\jobportal\\micro-services_v1\\api-gateway\\node_modules\\mongoose\\lib\\mongoose.js:446:15)\n    at HandlerDatabase (file:///C:/Users/devbh/OneDrive/Desktop/jobportal/micro-services_v1/api-gateway/src/Config/db.js:14:24)\n    at Server.<anonymous> (file:///C:/Users/devbh/OneDrive/Desktop/jobportal/micro-services_v1/api-gateway/src/index.js:54:3)\n    at Object.onceWrapper (node:events:632:28)\n    at Server.emit (node:events:530:35)\n    at emitListeningNT (node:net:1950:10)\n    at process.processTicksAndRejections (node:internal/process/task_queues:89:21)","timestamp":"2025-02-24T08:11:54.201Z"}
{"level":"\u001b[32minfo\u001b[39m","message":"servering is running on port 4000","service":"api-gateway","timestamp":"2025-02-24T08:12:16.590Z"}
{"level":"\u001b[32minfo\u001b[39m","message":"servering is running on port 4000","service":"api-gateway","timestamp":"2025-02-24T08:14:40.241Z"}
{"level":"\u001b[32minfo\u001b[39m","message":"servering is running on port 4000","service":"api-gateway","timestamp":"2025-02-24T08:14:54.128Z"}
{"level":"\u001b[32minfo\u001b[39m","message":"servering is running on port 4000","service":"api-gateway","timestamp":"2025-02-24T08:16:13.788Z"}
{"level":"\u001b[32minfo\u001b[39m","message":"API Gateway is running on port 4000","service":"api-gateway","timestamp":"2025-02-24T08:48:23.716Z"}
{"level":"\u001b[32minfo\u001b[39m","message":"Identity service is running on port http://localhost:4001","service":"api-gateway","timestamp":"2025-02-24T08:48:23.718Z"}
{"level":"\u001b[32minfo\u001b[39m","message":"API Gateway is running on port 4000","service":"api-gateway","timestamp":"2025-02-24T08:48:56.997Z"}
{"level":"\u001b[32minfo\u001b[39m","message":"Identity service is running on port http://localhost:4001","service":"api-gateway","timestamp":"2025-02-24T08:48:57.000Z"}
{"level":"\u001b[32minfo\u001b[39m","message":"API Gateway is running on port 4000","service":"api-gateway","timestamp":"2025-02-24T08:49:16.012Z"}
{"level":"\u001b[32minfo\u001b[39m","message":"Identity service is running on port http://localhost:4001","service":"api-gateway","timestamp":"2025-02-24T08:49:16.016Z"}
{"level":"\u001b[32minfo\u001b[39m","message":"API Gateway is running on port 4000","service":"api-gateway","timestamp":"2025-02-24T08:49:18.887Z"}
{"level":"\u001b[32minfo\u001b[39m","message":"Identity service is running on port http://localhost:4001","service":"api-gateway","timestamp":"2025-02-24T08:49:18.890Z"}
{"level":"\u001b[32minfo\u001b[39m","message":"Received POST request to /api/auth/logout","service":"api-gateway","timestamp":"2025-02-24T10:38:39.666Z"}
{"level":"\u001b[32minfo\u001b[39m","message":"Request body, [object Object]","service":"api-gateway","timestamp":"2025-02-24T10:38:39.667Z"}
{"level":"\u001b[32minfo\u001b[39m","message":"Received POST request to /api/auth/logout","service":"api-gateway","timestamp":"2025-02-24T10:38:41.165Z"}
{"level":"\u001b[32minfo\u001b[39m","message":"Request body, [object Object]","service":"api-gateway","timestamp":"2025-02-24T10:38:41.166Z"}
{"level":"\u001b[32minfo\u001b[39m","message":"API Gateway is running on port 4000","service":"api-gateway","timestamp":"2025-02-24T10:39:13.555Z"}
{"level":"\u001b[32minfo\u001b[39m","message":"Identity service is running on port http://localhost:4001","service":"api-gateway","timestamp":"2025-02-24T10:39:13.558Z"}
{"level":"\u001b[32minfo\u001b[39m","message":"API Gateway is running on port 4000","service":"api-gateway","timestamp":"2025-02-24T10:40:10.988Z"}
{"level":"\u001b[32minfo\u001b[39m","message":"Identity service is running on port http://localhost:4001","service":"api-gateway","timestamp":"2025-02-24T10:40:10.990Z"}
{"level":"\u001b[32minfo\u001b[39m","message":"Received POST request to /api/auth/login","service":"api-gateway","timestamp":"2025-02-24T10:41:12.759Z"}
{"level":"\u001b[32minfo\u001b[39m","message":"Request body, [object Object]","service":"api-gateway","timestamp":"2025-02-24T10:41:12.760Z"}
{"level":"\u001b[32minfo\u001b[39m","message":"API Gateway is running on port 4000","service":"api-gateway","timestamp":"2025-02-24T12:07:54.100Z"}
{"level":"\u001b[32minfo\u001b[39m","message":"Identity service is running on port http://localhost:4001","service":"api-gateway","timestamp":"2025-02-24T12:07:54.103Z"}
{"level":"\u001b[32minfo\u001b[39m","message":"Received POST request to /api/auth/login","service":"api-gateway","timestamp":"2025-02-24T12:08:03.103Z"}
{"level":"\u001b[32minfo\u001b[39m","message":"Request body, [object Object]","service":"api-gateway","timestamp":"2025-02-24T12:08:03.105Z"}
{"level":"\u001b[32minfo\u001b[39m","message":"Received POST request to /api/auth/login","service":"api-gateway","timestamp":"2025-02-24T12:08:04.019Z"}
{"level":"\u001b[32minfo\u001b[39m","message":"Request body, [object Object]","service":"api-gateway","timestamp":"2025-02-24T12:08:04.020Z"}
{"level":"\u001b[32minfo\u001b[39m","message":"API Gateway is running on port 4000","service":"api-gateway","timestamp":"2025-02-24T12:08:28.041Z"}
{"level":"\u001b[32minfo\u001b[39m","message":"Identity service is running on port http://localhost:4001","service":"api-gateway","timestamp":"2025-02-24T12:08:28.044Z"}
{"level":"\u001b[32minfo\u001b[39m","message":"Received POST request to /api/auth/login","service":"api-gateway","timestamp":"2025-02-24T12:08:33.710Z"}
{"level":"\u001b[32minfo\u001b[39m","message":"Request body, [object Object]","service":"api-gateway","timestamp":"2025-02-24T12:08:33.711Z"}
{"level":"\u001b[32minfo\u001b[39m","message":"API Gateway is running on port 4000","service":"api-gateway","timestamp":"2025-02-24T12:08:51.144Z"}
{"level":"\u001b[32minfo\u001b[39m","message":"Identity service is running on port http://localhost:4001","service":"api-gateway","timestamp":"2025-02-24T12:08:51.147Z"}
{"level":"\u001b[32minfo\u001b[39m","message":"API Gateway is running on port 4000","service":"api-gateway","timestamp":"2025-02-24T12:08:54.703Z"}
{"level":"\u001b[32minfo\u001b[39m","message":"Identity service is running on port http://localhost:4001","service":"api-gateway","timestamp":"2025-02-24T12:08:54.707Z"}
{"level":"\u001b[32minfo\u001b[39m","message":"Received POST request to /api/auth/login","service":"api-gateway","timestamp":"2025-02-24T12:09:04.051Z"}
{"level":"\u001b[32minfo\u001b[39m","message":"Request body, [object Object]","service":"api-gateway","timestamp":"2025-02-24T12:09:04.052Z"}
{"level":"\u001b[32minfo\u001b[39m","message":"Received POST request to /api/auth/login","service":"api-gateway","timestamp":"2025-02-24T12:09:04.834Z"}
{"level":"\u001b[32minfo\u001b[39m","message":"Request body, [object Object]","service":"api-gateway","timestamp":"2025-02-24T12:09:04.835Z"}
{"level":"\u001b[32minfo\u001b[39m","message":"Received POST request to /api/auth/login","service":"api-gateway","timestamp":"2025-02-24T12:09:15.575Z"}
{"level":"\u001b[32minfo\u001b[39m","message":"Request body, [object Object]","service":"api-gateway","timestamp":"2025-02-24T12:09:15.576Z"}
{"level":"\u001b[32minfo\u001b[39m","message":"Received POST request to /api/auth/login","service":"api-gateway","timestamp":"2025-02-24T12:09:16.318Z"}
{"level":"\u001b[32minfo\u001b[39m","message":"Request body, [object Object]","service":"api-gateway","timestamp":"2025-02-24T12:09:16.319Z"}
{"level":"\u001b[32minfo\u001b[39m","message":"Received POST request to /api/auth/login","service":"api-gateway","timestamp":"2025-02-24T12:10:12.819Z"}
{"level":"\u001b[32minfo\u001b[39m","message":"Request body, [object Object]","service":"api-gateway","timestamp":"2025-02-24T12:10:12.820Z"}
{"level":"\u001b[32minfo\u001b[39m","message":"Received POST request to /api/auth/login","service":"api-gateway","timestamp":"2025-02-24T12:10:14.260Z"}
{"level":"\u001b[32minfo\u001b[39m","message":"Request body, [object Object]","service":"api-gateway","timestamp":"2025-02-24T12:10:14.260Z"}
{"level":"\u001b[32minfo\u001b[39m","message":"API Gateway is running on port 4000","service":"api-gateway","timestamp":"2025-02-24T12:10:36.393Z"}
{"level":"\u001b[32minfo\u001b[39m","message":"Identity service is running on port http://localhost:4001","service":"api-gateway","timestamp":"2025-02-24T12:10:36.395Z"}
{"level":"\u001b[32minfo\u001b[39m","message":"Received POST request to /api/auth/login","service":"api-gateway","timestamp":"2025-02-24T12:10:40.225Z"}
{"level":"\u001b[32minfo\u001b[39m","message":"Request body, [object Object]","service":"api-gateway","timestamp":"2025-02-24T12:10:40.226Z"}
{"level":"\u001b[32minfo\u001b[39m","message":"Received POST request to /api/auth/login","service":"api-gateway","timestamp":"2025-02-24T12:10:40.928Z"}
{"level":"\u001b[32minfo\u001b[39m","message":"Request body, [object Object]","service":"api-gateway","timestamp":"2025-02-24T12:10:40.929Z"}
{"level":"\u001b[32minfo\u001b[39m","message":"Received POST request to /api/auth/login","service":"api-gateway","timestamp":"2025-02-24T12:10:41.147Z"}
{"level":"\u001b[32minfo\u001b[39m","message":"Request body, [object Object]","service":"api-gateway","timestamp":"2025-02-24T12:10:41.147Z"}
{"level":"\u001b[32minfo\u001b[39m","message":"Received POST request to /api/auth/login","service":"api-gateway","timestamp":"2025-02-24T12:10:45.056Z"}
{"level":"\u001b[32minfo\u001b[39m","message":"Request body, [object Object]","service":"api-gateway","timestamp":"2025-02-24T12:10:45.057Z"}
{"level":"\u001b[32minfo\u001b[39m","message":"Received POST request to /api/auth/login","service":"api-gateway","timestamp":"2025-02-24T12:10:46.218Z"}
{"level":"\u001b[32minfo\u001b[39m","message":"Request body, [object Object]","service":"api-gateway","timestamp":"2025-02-24T12:10:46.218Z"}
{"level":"\u001b[32minfo\u001b[39m","message":"Received POST request to /api/auth/login","service":"api-gateway","timestamp":"2025-02-24T12:10:47.065Z"}
{"level":"\u001b[32minfo\u001b[39m","message":"Request body, [object Object]","service":"api-gateway","timestamp":"2025-02-24T12:10:47.066Z"}
{"level":"\u001b[32minfo\u001b[39m","message":"Received POST request to /api/auth/login","service":"api-gateway","timestamp":"2025-02-24T12:10:47.744Z"}
{"level":"\u001b[32minfo\u001b[39m","message":"Request body, [object Object]","service":"api-gateway","timestamp":"2025-02-24T12:10:47.745Z"}
{"level":"\u001b[32minfo\u001b[39m","message":"Received POST request to /api/auth/login","service":"api-gateway","timestamp":"2025-02-24T12:10:55.220Z"}
{"level":"\u001b[32minfo\u001b[39m","message":"Request body, [object Object]","service":"api-gateway","timestamp":"2025-02-24T12:10:55.222Z"}
{"level":"\u001b[32minfo\u001b[39m","message":"Received POST request to /api/auth/login","service":"api-gateway","timestamp":"2025-02-24T12:10:58.917Z"}
{"level":"\u001b[32minfo\u001b[39m","message":"Request body, [object Object]","service":"api-gateway","timestamp":"2025-02-24T12:10:58.918Z"}
{"level":"\u001b[32minfo\u001b[39m","message":"API Gateway is running on port 4000","service":"api-gateway","timestamp":"2025-02-24T12:11:15.742Z"}
{"level":"\u001b[32minfo\u001b[39m","message":"Identity service is running on port http://localhost:4001","service":"api-gateway","timestamp":"2025-02-24T12:11:15.745Z"}
{"level":"\u001b[32minfo\u001b[39m","message":"API Gateway is running on port 4000","service":"api-gateway","timestamp":"2025-02-24T12:11:19.390Z"}
{"level":"\u001b[32minfo\u001b[39m","message":"Identity service is running on port http://localhost:4001","service":"api-gateway","timestamp":"2025-02-24T12:11:19.394Z"}
{"level":"\u001b[32minfo\u001b[39m","message":"API Gateway is running on port 4000","service":"api-gateway","timestamp":"2025-02-24T12:11:31.127Z"}
{"level":"\u001b[32minfo\u001b[39m","message":"Identity service is running on port http://localhost:4001","service":"api-gateway","timestamp":"2025-02-24T12:11:31.131Z"}
{"level":"\u001b[32minfo\u001b[39m","message":"API Gateway is running on port 4000","service":"api-gateway","timestamp":"2025-02-24T14:29:57.610Z"}
{"level":"\u001b[32minfo\u001b[39m","message":"Identity service is running on port http://localhost:4001","service":"api-gateway","timestamp":"2025-02-24T14:29:57.613Z"}
{"level":"\u001b[32minfo\u001b[39m","message":"API Gateway is running on port 4000","service":"api-gateway","timestamp":"2025-02-24T14:32:43.228Z"}
{"level":"\u001b[32minfo\u001b[39m","message":"Identity service is running on port http://localhost:4001","service":"api-gateway","timestamp":"2025-02-24T14:32:43.233Z"}
{"level":"\u001b[32minfo\u001b[39m","message":"API Gateway is running on port 4000","service":"api-gateway","timestamp":"2025-02-24T14:35:09.051Z"}
{"level":"\u001b[32minfo\u001b[39m","message":"Identity service is running on port http://localhost:4001","service":"api-gateway","timestamp":"2025-02-24T14:35:09.053Z"}
{"level":"\u001b[32minfo\u001b[39m","message":"Received POST request to /api/auth/login","service":"api-gateway","timestamp":"2025-02-24T14:35:57.135Z"}
{"level":"\u001b[32minfo\u001b[39m","message":"Request body, [object Object]","service":"api-gateway","timestamp":"2025-02-24T14:35:57.136Z"}
{"level":"\u001b[32minfo\u001b[39m","message":"API Gateway is running on port 4000","service":"api-gateway","timestamp":"2025-02-24T14:36:51.351Z"}
{"level":"\u001b[32minfo\u001b[39m","message":"Identity service is running on port http://localhost:4001","service":"api-gateway","timestamp":"2025-02-24T14:36:51.354Z"}
{"level":"\u001b[32minfo\u001b[39m","message":"Received POST request to /api/auth/login","service":"api-gateway","timestamp":"2025-02-24T14:37:05.896Z"}
{"level":"\u001b[32minfo\u001b[39m","message":"Request body, [object Object]","service":"api-gateway","timestamp":"2025-02-24T14:37:05.897Z"}
{"level":"\u001b[32minfo\u001b[39m","message":"API Gateway is running on port 4000","service":"api-gateway","timestamp":"2025-02-24T14:39:16.801Z"}
{"level":"\u001b[32minfo\u001b[39m","message":"Identity service is running on port http://localhost:4001","service":"api-gateway","timestamp":"2025-02-24T14:39:16.804Z"}
{"level":"\u001b[32minfo\u001b[39m","message":"API Gateway is running on port 4000","service":"api-gateway","timestamp":"2025-02-24T14:39:51.686Z"}
{"level":"\u001b[32minfo\u001b[39m","message":"Identity service is running on port http://localhost:4001","service":"api-gateway","timestamp":"2025-02-24T14:39:51.689Z"}
{"level":"\u001b[32minfo\u001b[39m","message":"API Gateway is running on port 4000","service":"api-gateway","timestamp":"2025-02-24T14:39:55.633Z"}
{"level":"\u001b[32minfo\u001b[39m","message":"Identity service is running on port http://localhost:4001","service":"api-gateway","timestamp":"2025-02-24T14:39:55.637Z"}
{"level":"\u001b[32minfo\u001b[39m","message":"API Gateway is running on port 4000","service":"api-gateway","timestamp":"2025-02-24T14:40:02.977Z"}
{"level":"\u001b[32minfo\u001b[39m","message":"Identity service is running on port http://localhost:4001","service":"api-gateway","timestamp":"2025-02-24T14:40:02.981Z"}
{"level":"\u001b[32minfo\u001b[39m","message":"Received POST request to /api/auth/login","service":"api-gateway","timestamp":"2025-02-24T14:40:05.812Z"}
{"level":"\u001b[32minfo\u001b[39m","message":"Request body, [object Object]","service":"api-gateway","timestamp":"2025-02-24T14:40:05.813Z"}
{"level":"\u001b[32minfo\u001b[39m","message":"Received POST request to /api/auth/login","service":"api-gateway","timestamp":"2025-02-24T14:40:06.608Z"}
{"level":"\u001b[32minfo\u001b[39m","message":"Request body, [object Object]","service":"api-gateway","timestamp":"2025-02-24T14:40:06.608Z"}
{"level":"\u001b[32minfo\u001b[39m","message":"Received POST request to /api/auth/login","service":"api-gateway","timestamp":"2025-02-24T14:40:07.636Z"}
{"level":"\u001b[32minfo\u001b[39m","message":"Request body, [object Object]","service":"api-gateway","timestamp":"2025-02-24T14:40:07.637Z"}
{"level":"\u001b[32minfo\u001b[39m","message":"API Gateway is running on port 4000","service":"api-gateway","timestamp":"2025-02-24T14:40:55.400Z"}
{"level":"\u001b[32minfo\u001b[39m","message":"Identity service is running on port http://localhost:4001","service":"api-gateway","timestamp":"2025-02-24T14:40:55.403Z"}
{"level":"\u001b[32minfo\u001b[39m","message":"Received POST request to /api/auth/login","service":"api-gateway","timestamp":"2025-02-24T14:41:04.351Z"}
{"level":"\u001b[32minfo\u001b[39m","message":"Request body, [object Object]","service":"api-gateway","timestamp":"2025-02-24T14:41:04.352Z"}
{"level":"\u001b[32minfo\u001b[39m","message":"Received POST request to /api/auth/login","service":"api-gateway","timestamp":"2025-02-24T14:41:05.290Z"}
{"level":"\u001b[32minfo\u001b[39m","message":"Request body, [object Object]","service":"api-gateway","timestamp":"2025-02-24T14:41:05.291Z"}
{"level":"\u001b[32minfo\u001b[39m","message":"Received POST request to /api/auth/login","service":"api-gateway","timestamp":"2025-02-24T14:41:05.954Z"}
{"level":"\u001b[32minfo\u001b[39m","message":"Request body, [object Object]","service":"api-gateway","timestamp":"2025-02-24T14:41:05.955Z"}
{"level":"\u001b[32minfo\u001b[39m","message":"Received POST request to /api/auth/login","service":"api-gateway","timestamp":"2025-02-24T14:41:06.674Z"}
{"level":"\u001b[32minfo\u001b[39m","message":"Request body, [object Object]","service":"api-gateway","timestamp":"2025-02-24T14:41:06.675Z"}
{"level":"\u001b[32minfo\u001b[39m","message":"Received POST request to /api/auth/login","service":"api-gateway","timestamp":"2025-02-24T14:41:06.850Z"}
{"level":"\u001b[32minfo\u001b[39m","message":"Request body, [object Object]","service":"api-gateway","timestamp":"2025-02-24T14:41:06.851Z"}
{"level":"\u001b[32minfo\u001b[39m","message":"Received POST request to /api/auth/login","service":"api-gateway","timestamp":"2025-02-24T14:41:07.072Z"}
{"level":"\u001b[32minfo\u001b[39m","message":"Request body, [object Object]","service":"api-gateway","timestamp":"2025-02-24T14:41:07.072Z"}
{"level":"\u001b[32minfo\u001b[39m","message":"API Gateway is running on port 4000","service":"api-gateway","timestamp":"2025-02-24T14:46:31.978Z"}
{"level":"\u001b[32minfo\u001b[39m","message":"Identity service proxied to http://localhost:4001","service":"api-gateway","timestamp":"2025-02-24T14:46:31.981Z"}
{"level":"\u001b[32minfo\u001b[39m","message":"Received POST request to /api/auth/login","service":"api-gateway","timestamp":"2025-02-24T14:46:38.704Z"}
{"level":"\u001b[32minfo\u001b[39m","message":"Request body: {\"email\":\"devbharath21k@gmail.com\",\"password\":\"123\",\"role\":\"admin\"}","service":"api-gateway","timestamp":"2025-02-24T14:46:38.705Z"}
{"level":"\u001b[32minfo\u001b[39m","message":"Received POST request to /api/auth/login","service":"api-gateway","timestamp":"2025-02-24T14:47:28.053Z"}
{"level":"\u001b[32minfo\u001b[39m","message":"Request body: {}","service":"api-gateway","timestamp":"2025-02-24T14:47:28.055Z"}
{"level":"\u001b[32minfo\u001b[39m","message":"Received POST request to /api/auth/login","service":"api-gateway","timestamp":"2025-02-24T14:47:46.083Z"}
{"level":"\u001b[32minfo\u001b[39m","message":"Request body: {\"email\":\"devbharath21k@gmail.com\",\"password\":\"123\",\"role\":\"admin\"}","service":"api-gateway","timestamp":"2025-02-24T14:47:46.084Z"}
{"level":"\u001b[32minfo\u001b[39m","message":"Received POST request to /api/auth/login","service":"api-gateway","timestamp":"2025-02-24T14:48:08.151Z"}
{"level":"\u001b[32minfo\u001b[39m","message":"Request body: {\"email\":\"devbharath21k@gmail.com\",\"password\":\"123\",\"role\":\"admin\"}","service":"api-gateway","timestamp":"2025-02-24T14:48:08.152Z"}
{"level":"\u001b[31merror\u001b[39m","message":"Proxy error: ","service":"api-gateway","timestamp":"2025-02-24T14:48:08.155Z"}
{"level":"\u001b[32minfo\u001b[39m","message":"Received POST request to /api/auth/login","service":"api-gateway","timestamp":"2025-02-24T14:48:09.968Z"}
{"level":"\u001b[32minfo\u001b[39m","message":"Request body: {\"email\":\"devbharath21k@gmail.com\",\"password\":\"123\",\"role\":\"admin\"}","service":"api-gateway","timestamp":"2025-02-24T14:48:09.968Z"}
{"level":"\u001b[31merror\u001b[39m","message":"Proxy error: ","service":"api-gateway","timestamp":"2025-02-24T14:48:09.971Z"}
{"level":"\u001b[32minfo\u001b[39m","message":"Received POST request to /api/auth/login","service":"api-gateway","timestamp":"2025-02-24T14:48:13.468Z"}
{"level":"\u001b[32minfo\u001b[39m","message":"Request body: {\"email\":\"devbharath21k@gmail.com\",\"password\":\"123\",\"role\":\"admin\"}","service":"api-gateway","timestamp":"2025-02-24T14:48:13.468Z"}
{"level":"\u001b[31merror\u001b[39m","message":"Proxy error: ","service":"api-gateway","timestamp":"2025-02-24T14:48:13.470Z"}
{"level":"\u001b[32minfo\u001b[39m","message":"API Gateway is running on port 4000","service":"api-gateway","timestamp":"2025-02-24T14:48:42.007Z"}
{"level":"\u001b[32minfo\u001b[39m","message":"Identity service proxied to http://localhost:4001","service":"api-gateway","timestamp":"2025-02-24T14:48:42.010Z"}
{"level":"\u001b[32minfo\u001b[39m","message":"Received POST request to /api/auth/login","service":"api-gateway","timestamp":"2025-02-24T14:48:46.897Z"}
{"level":"\u001b[32minfo\u001b[39m","message":"Request body: {\"email\":\"devbharath21k@gmail.com\",\"password\":\"123\",\"role\":\"admin\"}","service":"api-gateway","timestamp":"2025-02-24T14:48:46.897Z"}
{"level":"\u001b[31merror\u001b[39m","message":"Proxy error: ","service":"api-gateway","timestamp":"2025-02-24T14:48:46.906Z"}
{"level":"\u001b[32minfo\u001b[39m","message":"Received POST request to /api/auth/login","service":"api-gateway","timestamp":"2025-02-24T14:48:48.086Z"}
{"level":"\u001b[32minfo\u001b[39m","message":"Request body: {\"email\":\"devbharath21k@gmail.com\",\"password\":\"123\",\"role\":\"admin\"}","service":"api-gateway","timestamp":"2025-02-24T14:48:48.088Z"}
{"level":"\u001b[31merror\u001b[39m","message":"Proxy error: ","service":"api-gateway","timestamp":"2025-02-24T14:48:48.092Z"}
{"level":"\u001b[32minfo\u001b[39m","message":"Received POST request to /api/auth/login","service":"api-gateway","timestamp":"2025-02-24T14:49:07.002Z"}
{"level":"\u001b[32minfo\u001b[39m","message":"Request body: {\"email\":\"devbharath21k@gmail.com\",\"password\":\"123\",\"role\":\"admin\"}","service":"api-gateway","timestamp":"2025-02-24T14:49:07.003Z"}
{"level":"\u001b[31merror\u001b[39m","message":"Proxy error: ","service":"api-gateway","timestamp":"2025-02-24T14:49:07.005Z"}
{"level":"\u001b[32minfo\u001b[39m","message":"Received POST request to /api/auth/login","service":"api-gateway","timestamp":"2025-02-24T14:49:08.117Z"}
{"level":"\u001b[32minfo\u001b[39m","message":"Request body: {\"email\":\"devbharath21k@gmail.com\",\"password\":\"123\",\"role\":\"admin\"}","service":"api-gateway","timestamp":"2025-02-24T14:49:08.119Z"}
{"level":"\u001b[31merror\u001b[39m","message":"Proxy error: ","service":"api-gateway","timestamp":"2025-02-24T14:49:08.121Z"}
{"level":"\u001b[32minfo\u001b[39m","message":"API Gateway is running on port 4000","service":"api-gateway","timestamp":"2025-02-24T14:49:21.235Z"}
{"level":"\u001b[32minfo\u001b[39m","message":"Identity service proxied to http://localhost:4001","service":"api-gateway","timestamp":"2025-02-24T14:49:21.238Z"}
{"level":"\u001b[32minfo\u001b[39m","message":"Received POST request to /api/auth/login","service":"api-gateway","timestamp":"2025-02-24T14:49:26.469Z"}
{"level":"\u001b[32minfo\u001b[39m","message":"Request body: {\"email\":\"devbharath21k@gmail.com\",\"password\":\"123\",\"role\":\"admin\"}","service":"api-gateway","timestamp":"2025-02-24T14:49:26.470Z"}
{"level":"\u001b[31merror\u001b[39m","message":"Proxy error: ","service":"api-gateway","timestamp":"2025-02-24T14:49:26.476Z"}
{"level":"\u001b[32minfo\u001b[39m","message":"Received POST request to /api/auth/login","service":"api-gateway","timestamp":"2025-02-24T14:49:27.659Z"}
{"level":"\u001b[32minfo\u001b[39m","message":"Request body: {\"email\":\"devbharath21k@gmail.com\",\"password\":\"123\",\"role\":\"admin\"}","service":"api-gateway","timestamp":"2025-02-24T14:49:27.660Z"}
{"level":"\u001b[31merror\u001b[39m","message":"Proxy error: ","service":"api-gateway","timestamp":"2025-02-24T14:49:27.662Z"}
{"level":"\u001b[32minfo\u001b[39m","message":"Received POST request to /api/auth/login","service":"api-gateway","timestamp":"2025-02-24T14:49:43.308Z"}
{"level":"\u001b[32minfo\u001b[39m","message":"Request body: {\"email\":\"devbharath21k@gmail.com\",\"password\":\"123\",\"role\":\"admin\"}","service":"api-gateway","timestamp":"2025-02-24T14:49:43.309Z"}
{"level":"\u001b[31merror\u001b[39m","message":"Proxy error: ","service":"api-gateway","timestamp":"2025-02-24T14:49:43.313Z"}
{"level":"\u001b[32minfo\u001b[39m","message":"Received POST request to /api/auth/login","service":"api-gateway","timestamp":"2025-02-24T14:49:44.405Z"}
{"level":"\u001b[32minfo\u001b[39m","message":"Request body: {\"email\":\"devbharath21k@gmail.com\",\"password\":\"123\",\"role\":\"admin\"}","service":"api-gateway","timestamp":"2025-02-24T14:49:44.406Z"}
{"level":"\u001b[31merror\u001b[39m","message":"Proxy error: ","service":"api-gateway","timestamp":"2025-02-24T14:49:44.408Z"}
{"level":"\u001b[32minfo\u001b[39m","message":"Received POST request to /api/auth/login","service":"api-gateway","timestamp":"2025-02-24T14:50:17.472Z"}
{"level":"\u001b[32minfo\u001b[39m","message":"Request body: {\"email\":\"devbharath21k@gmail.com\",\"password\":\"123\",\"role\":\"admin\"}","service":"api-gateway","timestamp":"2025-02-24T14:50:17.472Z"}
{"level":"\u001b[32minfo\u001b[39m","message":"Received POST request to /api/auth/login","service":"api-gateway","timestamp":"2025-02-24T14:50:29.227Z"}
{"level":"\u001b[32minfo\u001b[39m","message":"Request body: {\"email\":\"devbharath21k@gmail.com\",\"password\":\"123\",\"role\":\"admin\"}","service":"api-gateway","timestamp":"2025-02-24T14:50:29.227Z"}
{"level":"\u001b[32minfo\u001b[39m","message":"Received POST request to /api/auth/login","service":"api-gateway","timestamp":"2025-02-24T14:50:30.678Z"}
{"level":"\u001b[32minfo\u001b[39m","message":"Request body: {\"email\":\"devbharath21k@gmail.com\",\"password\":\"123\",\"role\":\"admin\"}","service":"api-gateway","timestamp":"2025-02-24T14:50:30.679Z"}
{"level":"\u001b[32minfo\u001b[39m","message":"Received POST request to /api/auth/login","service":"api-gateway","timestamp":"2025-02-24T14:50:46.096Z"}
{"level":"\u001b[32minfo\u001b[39m","message":"Request body: {\"email\":\"devbharath21k@gmail.com\",\"password\":\"123\",\"role\":\"admin\"}","service":"api-gateway","timestamp":"2025-02-24T14:50:46.097Z"}
{"level":"\u001b[32minfo\u001b[39m","message":"API Gateway is running on port 4000","service":"api-gateway","timestamp":"2025-02-24T14:51:43.936Z"}
{"level":"\u001b[32minfo\u001b[39m","message":"Identity service proxied to http://localhost:4001","service":"api-gateway","timestamp":"2025-02-24T14:51:43.939Z"}
{"level":"\u001b[32minfo\u001b[39m","message":"API Gateway is running on port 4000","service":"api-gateway","timestamp":"2025-02-24T14:51:51.796Z"}
{"level":"\u001b[32minfo\u001b[39m","message":"Identity service proxied to http://localhost:4001","service":"api-gateway","timestamp":"2025-02-24T14:51:51.799Z"}
{"level":"\u001b[32minfo\u001b[39m","message":"API Gateway is running on port 4000","service":"api-gateway","timestamp":"2025-02-24T14:52:03.123Z"}
{"level":"\u001b[32minfo\u001b[39m","message":"Identity service proxied to http://localhost:4001","service":"api-gateway","timestamp":"2025-02-24T14:52:03.126Z"}
{"level":"\u001b[32minfo\u001b[39m","message":"API Gateway is running on port 4000","service":"api-gateway","timestamp":"2025-02-24T14:52:06.948Z"}
{"level":"\u001b[32minfo\u001b[39m","message":"Identity service proxied to http://localhost:4001","service":"api-gateway","timestamp":"2025-02-24T14:52:06.951Z"}
{"level":"\u001b[32minfo\u001b[39m","message":"Received POST request to /api/auth/login","service":"api-gateway","timestamp":"2025-02-24T14:52:09.890Z"}
{"level":"\u001b[32minfo\u001b[39m","message":"Request body: {\"email\":\"devbharath21k@gmail.com\",\"password\":\"123\",\"role\":\"admin\"}","service":"api-gateway","timestamp":"2025-02-24T14:52:09.891Z"}
{"level":"\u001b[32minfo\u001b[39m","message":"API Gateway is running on port 4000","service":"api-gateway","timestamp":"2025-02-24T14:52:39.665Z"}
{"level":"\u001b[32minfo\u001b[39m","message":"Identity service proxied to http://localhost:4001","service":"api-gateway","timestamp":"2025-02-24T14:52:39.669Z"}
{"level":"\u001b[32minfo\u001b[39m","message":"Received POST request to /api/auth/login","service":"api-gateway","timestamp":"2025-02-24T14:52:41.064Z"}
{"level":"\u001b[32minfo\u001b[39m","message":"Request body: {\"email\":\"devbharath21k@gmail.com\",\"password\":\"123\",\"role\":\"admin\"}","service":"api-gateway","timestamp":"2025-02-24T14:52:41.065Z"}
{"level":"\u001b[32minfo\u001b[39m","message":"Received POST request to /api/auth/login","service":"api-gateway","timestamp":"2025-02-24T14:52:42.237Z"}
{"level":"\u001b[32minfo\u001b[39m","message":"Request body: {\"email\":\"devbharath21k@gmail.com\",\"password\":\"123\",\"role\":\"admin\"}","service":"api-gateway","timestamp":"2025-02-24T14:52:42.238Z"}
{"level":"\u001b[32minfo\u001b[39m","message":"Received POST request to /api/auth/update","service":"api-gateway","timestamp":"2025-02-24T14:53:08.789Z"}
{"level":"\u001b[32minfo\u001b[39m","message":"Request body: {\"email\":\"devbharath21k@gmail.com\",\"password\":\"123\",\"bio\":\"full-stack-developer\",\"role\":\"admin\"}","service":"api-gateway","timestamp":"2025-02-24T14:53:08.789Z"}
{"level":"\u001b[32minfo\u001b[39m","message":"API Gateway is running on port 4000","service":"api-gateway","timestamp":"2025-02-24T14:53:30.017Z"}
{"level":"\u001b[32minfo\u001b[39m","message":"Identity service proxied to http://localhost:4001","service":"api-gateway","timestamp":"2025-02-24T14:53:30.020Z"}
{"level":"\u001b[32minfo\u001b[39m","message":"API Gateway is running on port 4000","service":"api-gateway","timestamp":"2025-02-24T14:53:37.927Z"}
{"level":"\u001b[32minfo\u001b[39m","message":"Identity service proxied to http://localhost:4001","service":"api-gateway","timestamp":"2025-02-24T14:53:37.930Z"}
{"level":"\u001b[32minfo\u001b[39m","message":"API Gateway is running on port 4000","service":"api-gateway","timestamp":"2025-02-24T14:54:01.691Z"}
{"level":"\u001b[32minfo\u001b[39m","message":"Identity service proxied to http://localhost:4001","service":"api-gateway","timestamp":"2025-02-24T14:54:01.694Z"}
{"level":"\u001b[32minfo\u001b[39m","message":"Received POST request to /api/auth/update","service":"api-gateway","timestamp":"2025-02-24T14:54:04.028Z"}
{"level":"\u001b[32minfo\u001b[39m","message":"Request body: {\"email\":\"devbharath21k@gmail.com\",\"password\":\"123\",\"bio\":\"full-stack-developer\",\"role\":\"admin\"}","service":"api-gateway","timestamp":"2025-02-24T14:54:04.029Z"}
{"level":"\u001b[32minfo\u001b[39m","message":"Received POST request to /api/auth/update","service":"api-gateway","timestamp":"2025-02-24T14:54:05.618Z"}
{"level":"\u001b[32minfo\u001b[39m","message":"Request body: {\"email\":\"devbharath21k@gmail.com\",\"password\":\"123\",\"bio\":\"full-stack-developer\",\"role\":\"admin\"}","service":"api-gateway","timestamp":"2025-02-24T14:54:05.619Z"}
{"level":"\u001b[32minfo\u001b[39m","message":"API Gateway is running on port 4000","service":"api-gateway","timestamp":"2025-02-24T14:54:11.864Z"}
{"level":"\u001b[32minfo\u001b[39m","message":"Identity service proxied to http://localhost:4001","service":"api-gateway","timestamp":"2025-02-24T14:54:11.867Z"}
{"level":"\u001b[32minfo\u001b[39m","message":"API Gateway is running on port 4000","service":"api-gateway","timestamp":"2025-02-24T14:54:16.477Z"}
{"level":"\u001b[32minfo\u001b[39m","message":"Identity service proxied to http://localhost:4001","service":"api-gateway","timestamp":"2025-02-24T14:54:16.480Z"}
{"level":"\u001b[32minfo\u001b[39m","message":"Received POST request to /api/auth/update","service":"api-gateway","timestamp":"2025-02-24T14:54:19.422Z"}
{"level":"\u001b[32minfo\u001b[39m","message":"Request body: {\"email\":\"devbharath21k@gmail.com\",\"password\":\"123\",\"bio\":\"full-stack-developer\",\"role\":\"admin\"}","service":"api-gateway","timestamp":"2025-02-24T14:54:19.423Z"}
{"level":"\u001b[32minfo\u001b[39m","message":"API Gateway is running on port 4000","service":"api-gateway","timestamp":"2025-02-24T16:28:39.585Z"}
{"level":"\u001b[32minfo\u001b[39m","message":"Identity service proxied to http://localhost:4001","service":"api-gateway","timestamp":"2025-02-24T16:28:39.588Z"}
{"level":"\u001b[32minfo\u001b[39m","message":"Received POST request to /api/auth/login","service":"api-gateway","timestamp":"2025-02-24T16:29:35.212Z"}
{"level":"\u001b[32minfo\u001b[39m","message":"Request body: {\"email\":\"devbharath21k@gmail.com\",\"password\":\"123\",\"bio\":\"full-stack-developer\",\"role\":\"admin\"}","service":"api-gateway","timestamp":"2025-02-24T16:29:35.214Z"}
